Welcome to the stack program.

Enter option: 

Enter option: 

Enter option: Stack: 

Enter option: Stack: 

Enter option: Stack: 

Enter option: Underflow!!!
Stack: 

Enter option: What number? Stack: 30 

Enter option: Popped 48
Stack: 

Enter option: Underflow!!!
Stack: 

Enter option: What number? Stack: 30 

Enter option: What number? Stack: 30 31 

Enter option: What number? Stack: 30 31 32 

Enter option: What number? Stack: 30 31 32 33 

Enter option: What number? Stack: 30 31 32 33 34 

Enter option: What number? Stack: 30 31 32 33 34 35 

Enter option: What number? Stack: 30 31 32 33 34 35 36 

Enter option: What number? Stack: 30 31 32 33 34 35 36 37 

Enter option: What number? Stack: 30 31 32 33 34 35 36 37 38 

Enter option: What number? Stack: 30 31 32 33 34 35 36 37 38 39 

Enter option: What number? Overflow!!!
Stack: 30 31 32 33 34 35 36 37 38 39 

Enter option: What number? Overflow!!!
Stack: 30 31 32 33 34 35 36 37 38 39 

Enter option: What number? Overflow!!!
Stack: 30 31 32 33 34 35 36 37 38 39 

Enter option: 

Enter option: 

Enter option: Stack: 0 1 2 3 4 5 6 7 8 9 

Enter option: Stack: 48 49 50 51 52 53 54 55 56 57 

Enter option: Stack: 30 31 32 33 34 35 36 37 38 39 

Enter option: Popped 57
Stack: 30 31 32 33 34 35 36 37 38 

Enter option: Popped 56
Stack: 30 31 32 33 34 35 36 37 

Enter option: Popped 55
Stack: 30 31 32 33 34 35 36 

Enter option: Popped 54
Stack: 30 31 32 33 34 35 

Enter option: Popped 53
Stack: 30 31 32 33 34 

Enter option: Popped 52
Stack: 30 31 32 33 

Enter option: Popped 51
Stack: 30 31 32 

Enter option: Popped 50
Stack: 30 31 

Enter option: Popped 49
Stack: 30 

Enter option: Popped 48
Stack: 

Enter option: Underflow!!!
Stack: 

Enter option: Underflow!!!
Stack: 

Enter option: Underflow!!!
Stack: 

Enter option: 

Enter option: 

Enter option: Stack: 

Enter option: Stack: 

Enter option: Stack: 

Enter option: Underflow!!!
Stack: 

Enter option: Underflow!!!
Stack: 

Enter option: What number? Stack: 48 

Enter option: What number? Stack: 48 49 

Enter option: What number? Stack: 48 49 50 

Enter option: What number? Stack: 48 49 50 51 

Enter option: What number? Stack: 48 49 50 51 52 

Enter option: What number? Stack: 48 49 50 51 52 53 

Enter option: What number? Stack: 48 49 50 51 52 53 54 

Enter option: What number? Stack: 48 49 50 51 52 53 54 55 

Enter option: What number? Stack: 48 49 50 51 52 53 54 55 56 

Enter option: What number? Stack: 48 49 50 51 52 53 54 55 56 57 

Enter option: What number? Overflow!!!
Stack: 48 49 50 51 52 53 54 55 56 57 

Enter option: What number? Overflow!!!
Stack: 48 49 50 51 52 53 54 55 56 57 

Enter option: What number? Overflow!!!
Stack: 48 49 50 51 52 53 54 55 56 57 

Enter option: 

Enter option: 

Enter option: Stack: 0 1 2 3 4 5 6 7 8 9 

Enter option: Stack: 30 31 32 33 34 35 36 37 38 39 

Enter option: Stack: 48 49 50 51 52 53 54 55 56 57 

Enter option: Popped 57
Stack: 48 49 50 51 52 53 54 55 56 

Enter option: Popped 56
Stack: 48 49 50 51 52 53 54 55 

Enter option: Popped 55
Stack: 48 49 50 51 52 53 54 

Enter option: Popped 54
Stack: 48 49 50 51 52 53 

Enter option: Popped 53
Stack: 48 49 50 51 52 

Enter option: Popped 52
Stack: 48 49 50 51 

Enter option: Popped 51
Stack: 48 49 50 

Enter option: Popped 50
Stack: 48 49 

Enter option: Popped 49
Stack: 48 

Enter option: Popped 48
Stack: 

Enter option: Underflow!!!
Stack: 

Enter option: Underflow!!!
Stack: 

Enter option: Underflow!!!
Stack: 

Enter option: 

Enter option: 

Enter option: Stack: 

Enter option: Stack: 

Enter option: Stack: 

Enter option: Underflow!!!
Stack: 

Enter option: Underflow!!!
Stack: 

Enter option: Goodbye!
